<?xml version="1.0" encoding="UTF-8"?>
<!-- Generated by org.testng.reporters.JUnitReportReporter -->
<testsuite hostname="LAPTOP-22H2D9OF" failures="0" tests="4" name="api.test.UserTests" time="9.542" errors="0" timestamp="2024-05-26T18:39:33 IST" skipped="0">
  <testcase classname="api.test.UserTests" name="testPostUser" time="1.775"/>
  <testcase classname="api.test.UserTests" name="testUserByName" time="1.690"/>
  <testcase classname="api.test.UserTests" name="testUpdateUserByName" time="3.565"/>
  <testcase classname="api.test.UserTests" name="testDeleteUserByName" time="2.512"/>
</testsuite> <!-- api.test.UserTests -->
