<?xml version="1.0" encoding="UTF-8"?>
<!-- Generated by org.testng.reporters.JUnitReportReporter -->
<testsuite hostname="LAPTOP-22H2D9OF" failures="0" tests="6" name="api.test.DataDrivenTest" time="15.542" errors="0" timestamp="2024-05-26T18:39:33 IST" skipped="0">
  <testcase classname="api.test.DataDrivenTest" name="testPostuser" time="1.761"/>
  <testcase classname="api.test.DataDrivenTest" name="testPostuser" time="5.758"/>
  <testcase classname="api.test.DataDrivenTest" name="testPostuser" time="2.434"/>
  <testcase classname="api.test.DataDrivenTest" name="testDeleteUserByName" time="1.942"/>
  <testcase classname="api.test.DataDrivenTest" name="testDeleteUserByName" time="1.871"/>
  <testcase classname="api.test.DataDrivenTest" name="testDeleteUserByName" time="1.776"/>
</testsuite> <!-- api.test.DataDrivenTest -->
