<?xml version="1.0" encoding="UTF-8"?>
<!-- Generated by org.testng.reporters.JUnitReportReporter -->
<testsuite hostname="LAPTOP-22H2D9OF" failures="0" tests="4" name="api.test.UserTests2" time="19.850" errors="0" timestamp="2024-05-26T20:35:00 IST" skipped="0">
  <testcase classname="api.test.UserTests2" name="testPostUser" time="9.327"/>
  <testcase classname="api.test.UserTests2" name="testGetUserByName" time="2.545"/>
  <testcase classname="api.test.UserTests2" name="testUpdateUserByName" time="5.362"/>
  <testcase classname="api.test.UserTests2" name="testDeleteUserByName" time="2.616"/>
</testsuite> <!-- api.test.UserTests2 -->
